The system is: Linux - 4.15.0-70-generic - x86_64
Compiling the C compiler identification source file "CMakeCCompilerId.c" succeeded.
Compiler: /home/li/anaconda3/envs/py3.6/bin/x86_64-conda_cos6-linux-gnu-cc 
Build flags: -march=nocona;-mtune=haswell;-ftree-vectorize;-fPIC;-fstack-protector-strong;-fno-plt;-O2;-ffunction-sections;-pipe;-isystem;/home/li/anaconda3/envs/py3.6/include
Id flags: 

The output was:
0


Compilation of the C compiler identification source "CMakeCCompilerId.c" produced "a.out"

The C compiler identification is GNU, found in "/home/li/Desktop/LZH/CNN_NET/build/CMakeFiles/3.5.1/CompilerIdC/a.out"

Compiling the CXX compiler identification source file "CMakeCXXCompilerId.cpp" succeeded.
Compiler: /usr/bin/c++ 
Build flags: 
Id flags: 

The output was:
0


Compilation of the CXX compiler identification source "CMakeCXXCompilerId.cpp" produced "a.out"

The CXX compiler identification is GNU, found in "/home/li/Desktop/LZH/CNN_NET/build/CMakeFiles/3.5.1/CompilerIdCXX/a.out"

Determining if the C compiler works passed with the following output:
Change Dir: /home/li/Desktop/LZH/CNN_NET/build/CMakeFiles/CMakeTmp

Run Build Command:"/usr/bin/make" "cmTC_15d02/fast"
/usr/bin/make -f CMakeFiles/cmTC_15d02.dir/build.make CMakeFiles/cmTC_15d02.dir/build
make[1]: Entering directory '/home/li/Desktop/LZH/CNN_NET/build/CMakeFiles/CMakeTmp'
Building C object CMakeFiles/cmTC_15d02.dir/testCCompiler.c.o
/home/li/anaconda3/envs/py3.6/bin/x86_64-conda_cos6-linux-gnu-cc    -march=nocona -mtune=haswell -ftree-vectorize -fPIC -fstack-protector-strong -fno-plt -O2 -ffunction-sections -pipe -isystem /home/li/anaconda3/envs/py3.6/include     -o CMakeFiles/cmTC_15d02.dir/testCCompiler.c.o   -c /home/li/Desktop/LZH/CNN_NET/build/CMakeFiles/CMakeTmp/testCCompiler.c
Linking C executable cmTC_15d02
/usr/bin/cmake -E cmake_link_script CMakeFiles/cmTC_15d02.dir/link.txt --verbose=1
/home/li/anaconda3/envs/py3.6/bin/x86_64-conda_cos6-linux-gnu-cc  -march=nocona -mtune=haswell -ftree-vectorize -fPIC -fstack-protector-strong -fno-plt -O2 -ffunction-sections -pipe -isystem /home/li/anaconda3/envs/py3.6/include     -Wl,-O2 -Wl,--sort-common -Wl,--as-needed -Wl,-z,relro -Wl,-z,now -Wl,--disable-new-dtags -Wl,--gc-sections -Wl,-rpath,/home/li/anaconda3/envs/py3.6/lib -Wl,-rpath-link,/home/li/anaconda3/envs/py3.6/lib -L/home/li/anaconda3/envs/py3.6/lib  CMakeFiles/cmTC_15d02.dir/testCCompiler.c.o  -o cmTC_15d02 -rdynamic 
make[1]: Leaving directory '/home/li/Desktop/LZH/CNN_NET/build/CMakeFiles/CMakeTmp'


Detecting C compiler ABI info compiled with the following output:
Change Dir: /home/li/Desktop/LZH/CNN_NET/build/CMakeFiles/CMakeTmp

Run Build Command:"/usr/bin/make" "cmTC_e3da3/fast"
/usr/bin/make -f CMakeFiles/cmTC_e3da3.dir/build.make CMakeFiles/cmTC_e3da3.dir/build
make[1]: Entering directory '/home/li/Desktop/LZH/CNN_NET/build/CMakeFiles/CMakeTmp'
Building C object CMakeFiles/cmTC_e3da3.dir/CMakeCCompilerABI.c.o
/home/li/anaconda3/envs/py3.6/bin/x86_64-conda_cos6-linux-gnu-cc    -march=nocona -mtune=haswell -ftree-vectorize -fPIC -fstack-protector-strong -fno-plt -O2 -ffunction-sections -pipe -isystem /home/li/anaconda3/envs/py3.6/include     -o CMakeFiles/cmTC_e3da3.dir/CMakeCCompilerABI.c.o   -c /usr/share/cmake-3.5/Modules/CMakeCCompilerABI.c
Linking C executable cmTC_e3da3
/usr/bin/cmake -E cmake_link_script CMakeFiles/cmTC_e3da3.dir/link.txt --verbose=1
/home/li/anaconda3/envs/py3.6/bin/x86_64-conda_cos6-linux-gnu-cc  -march=nocona -mtune=haswell -ftree-vectorize -fPIC -fstack-protector-strong -fno-plt -O2 -ffunction-sections -pipe -isystem /home/li/anaconda3/envs/py3.6/include     -Wl,-O2 -Wl,--sort-common -Wl,--as-needed -Wl,-z,relro -Wl,-z,now -Wl,--disable-new-dtags -Wl,--gc-sections -Wl,-rpath,/home/li/anaconda3/envs/py3.6/lib -Wl,-rpath-link,/home/li/anaconda3/envs/py3.6/lib -L/home/li/anaconda3/envs/py3.6/lib -v CMakeFiles/cmTC_e3da3.dir/CMakeCCompilerABI.c.o  -o cmTC_e3da3 -rdynamic  
Reading specs from /home/li/anaconda3/envs/py3.6/bin/../lib/gcc/x86_64-conda_cos6-linux-gnu/7.3.0/specs
COLLECT_GCC=/home/li/anaconda3/envs/py3.6/bin/x86_64-conda_cos6-linux-gnu-cc
COLLECT_LTO_WRAPPER=/home/li/anaconda3/envs/py3.6/bin/../libexec/gcc/x86_64-conda_cos6-linux-gnu/7.3.0/lto-wrapper
Target: x86_64-conda_cos6-linux-gnu
Configured with: /home/conda/feedstock_root/build_artifacts/ctng-compilers_1580517382604/work/.build/x86_64-conda_cos6-linux-gnu/src/gcc/configure --build=x86_64-build_pc-linux-gnu --host=x86_64-build_pc-linux-gnu --target=x86_64-conda_cos6-linux-gnu --prefix=/home/conda/feedstock_root/build_artifacts/ctng-compilers_1580517382604/work/gcc_built --with-sysroot=/home/conda/feedstock_root/build_artifacts/ctng-compilers_1580517382604/work/gcc_built/x86_64-conda_cos6-linux-gnu/sysroot --enable-languages=c,c++,fortran,objc,obj-c++ --with-pkgversion='crosstool-NG 1.23.0.450-d54ae' --enable-__cxa_atexit --disable-libmudflap --enable-libgomp --disable-libssp --enable-libquadmath --enable-libquadmath-support --enable-libsanitizer --enable-libmpx --with-gmp=/home/conda/feedstock_root/build_artifacts/ctng-compilers_1580517382604/work/.build/x86_64-conda_cos6-linux-gnu/buildtools --with-mpfr=/home/conda/feedstock_root/build_artifacts/ctng-compilers_1580517382604/work/.build/x86_64-conda_cos6-linux-gnu/buildtools --with-mpc=/home/conda/feedstock_root/build_artifacts/ctng-compilers_1580517382604/work/.build/x86_64-conda_cos6-linux-gnu/buildtools --with-isl=/home/conda/feedstock_root/build_artifacts/ctng-compilers_1580517382604/work/.build/x86_64-conda_cos6-linux-gnu/buildtools --enable-lto --with-host-libstdcxx='-static-libgcc -Wl,-Bstatic,-lstdc++,-Bdynamic -lm' --enable-threads=posix --enable-target-optspace --enable-plugin --enable-gold --disable-nls --disable-multilib --with-local-prefix=/home/conda/feedstock_root/build_artifacts/ctng-compilers_1580517382604/work/gcc_built/x86_64-conda_cos6-linux-gnu/sysroot --enable-long-long --enable-default-pie
Thread model: posix
gcc version 7.3.0 (crosstool-NG 1.23.0.450-d54ae) 
COMPILER_PATH=/home/li/anaconda3/envs/py3.6/bin/../libexec/gcc/x86_64-conda_cos6-linux-gnu/7.3.0/:/home/li/anaconda3/envs/py3.6/bin/../libexec/gcc/:/home/li/anaconda3/envs/py3.6/bin/../lib/gcc/x86_64-conda_cos6-linux-gnu/7.3.0/../../../../x86_64-conda_cos6-linux-gnu/bin/
LIBRARY_PATH=/home/li/anaconda3/envs/py3.6/bin/../lib/gcc/x86_64-conda_cos6-linux-gnu/7.3.0/:/home/li/anaconda3/envs/py3.6/bin/../lib/gcc/:/home/li/anaconda3/envs/py3.6/bin/../lib/gcc/x86_64-conda_cos6-linux-gnu/7.3.0/../../../../x86_64-conda_cos6-linux-gnu/lib/../lib/:/home/li/anaconda3/envs/py3.6/bin/../x86_64-conda_cos6-linux-gnu/sysroot/lib/../lib/:/home/li/anaconda3/envs/py3.6/bin/../x86_64-conda_cos6-linux-gnu/sysroot/usr/lib/../lib/:/home/li/anaconda3/envs/py3.6/bin/../lib/gcc/x86_64-conda_cos6-linux-gnu/7.3.0/../../../../x86_64-conda_cos6-linux-gnu/lib/:/home/li/anaconda3/envs/py3.6/bin/../x86_64-conda_cos6-linux-gnu/sysroot/lib/:/home/li/anaconda3/envs/py3.6/bin/../x86_64-conda_cos6-linux-gnu/sysroot/usr/lib/
COLLECT_GCC_OPTIONS='-march=nocona' '-mtune=haswell' '-ftree-vectorize' '-fPIC' '-fstack-protector-strong' '-fno-plt' '-O2' '-ffunction-sections' '-pipe' '-isystem' '/home/li/anaconda3/envs/py3.6/include' '-L/home/li/anaconda3/envs/py3.6/lib' '-v' '-o' 'cmTC_e3da3' '-rdynamic'
 /home/li/anaconda3/envs/py3.6/bin/../libexec/gcc/x86_64-conda_cos6-linux-gnu/7.3.0/collect2 -plugin /home/li/anaconda3/envs/py3.6/bin/../libexec/gcc/x86_64-conda_cos6-linux-gnu/7.3.0/liblto_plugin.so -plugin-opt=/home/li/anaconda3/envs/py3.6/bin/../libexec/gcc/x86_64-conda_cos6-linux-gnu/7.3.0/lto-wrapper -plugin-opt=-fresolution=/tmp/ccTFjGAe.res -plugin-opt=-pass-through=-lgcc -plugin-opt=-pass-through=-lgcc_s -plugin-opt=-pass-through=-lc -plugin-opt=-pass-through=-lgcc -plugin-opt=-pass-through=-lgcc_s --sysroot=/home/li/anaconda3/envs/py3.6/bin/../x86_64-conda_cos6-linux-gnu/sysroot --eh-frame-hdr -m elf_x86_64 -export-dynamic -dynamic-linker /lib64/ld-linux-x86-64.so.2 -pie -o cmTC_e3da3 /home/li/anaconda3/envs/py3.6/bin/../x86_64-conda_cos6-linux-gnu/sysroot/usr/lib/../lib/Scrt1.o /home/li/anaconda3/envs/py3.6/bin/../x86_64-conda_cos6-linux-gnu/sysroot/usr/lib/../lib/crti.o /home/li/anaconda3/envs/py3.6/bin/../lib/gcc/x86_64-conda_cos6-linux-gnu/7.3.0/crtbeginS.o -L/home/li/anaconda3/envs/py3.6/lib -L/home/li/anaconda3/envs/py3.6/bin/../lib/gcc/x86_64-conda_cos6-linux-gnu/7.3.0 -L/home/li/anaconda3/envs/py3.6/bin/../lib/gcc -L/home/li/anaconda3/envs/py3.6/bin/../lib/gcc/x86_64-conda_cos6-linux-gnu/7.3.0/../../../../x86_64-conda_cos6-linux-gnu/lib/../lib -L/home/li/anaconda3/envs/py3.6/bin/../x86_64-conda_cos6-linux-gnu/sysroot/lib/../lib -L/home/li/anaconda3/envs/py3.6/bin/../x86_64-conda_cos6-linux-gnu/sysroot/usr/lib/../lib -L/home/li/anaconda3/envs/py3.6/bin/../lib/gcc/x86_64-conda_cos6-linux-gnu/7.3.0/../../../../x86_64-conda_cos6-linux-gnu/lib -L/home/li/anaconda3/envs/py3.6/bin/../x86_64-conda_cos6-linux-gnu/sysroot/lib -L/home/li/anaconda3/envs/py3.6/bin/../x86_64-conda_cos6-linux-gnu/sysroot/usr/lib -rpath /home/li/anaconda3/envs/py3.6/lib -O2 --sort-common --as-needed -z relro -z now --disable-new-dtags --gc-sections -rpath /home/li/anaconda3/envs/py3.6/lib -rpath-link /home/li/anaconda3/envs/py3.6/lib CMakeFiles/cmTC_e3da3.dir/CMakeCCompilerABI.c.o -lgcc --as-needed -lgcc_s --no-as-needed -lc -lgcc --as-needed -lgcc_s --no-as-needed /home/li/anaconda3/envs/py3.6/bin/../lib/gcc/x86_64-conda_cos6-linux-gnu/7.3.0/crtendS.o /home/li/anaconda3/envs/py3.6/bin/../x86_64-conda_cos6-linux-gnu/sysroot/usr/lib/../lib/crtn.o
COLLECT_GCC_OPTIONS='-march=nocona' '-mtune=haswell' '-ftree-vectorize' '-fPIC' '-fstack-protector-strong' '-fno-plt' '-O2' '-ffunction-sections' '-pipe' '-isystem' '/home/li/anaconda3/envs/py3.6/include' '-L/home/li/anaconda3/envs/py3.6/lib' '-v' '-o' 'cmTC_e3da3' '-rdynamic'
make[1]: Leaving directory '/home/li/Desktop/LZH/CNN_NET/build/CMakeFiles/CMakeTmp'


Parsed C implicit link information from above output:
  link line regex: [^( *|.*[/\])(ld|([^/\]+-)?ld|collect2)[^/\]*( |$)]
  ignore line: [Change Dir: /home/li/Desktop/LZH/CNN_NET/build/CMakeFiles/CMakeTmp]
  ignore line: []
  ignore line: [Run Build Command:"/usr/bin/make" "cmTC_e3da3/fast"]
  ignore line: [/usr/bin/make -f CMakeFiles/cmTC_e3da3.dir/build.make CMakeFiles/cmTC_e3da3.dir/build]
  ignore line: [make[1]: Entering directory '/home/li/Desktop/LZH/CNN_NET/build/CMakeFiles/CMakeTmp']
  ignore line: [Building C object CMakeFiles/cmTC_e3da3.dir/CMakeCCompilerABI.c.o]
  ignore line: [/home/li/anaconda3/envs/py3.6/bin/x86_64-conda_cos6-linux-gnu-cc    -march=nocona -mtune=haswell -ftree-vectorize -fPIC -fstack-protector-strong -fno-plt -O2 -ffunction-sections -pipe -isystem /home/li/anaconda3/envs/py3.6/include     -o CMakeFiles/cmTC_e3da3.dir/CMakeCCompilerABI.c.o   -c /usr/share/cmake-3.5/Modules/CMakeCCompilerABI.c]
  ignore line: [Linking C executable cmTC_e3da3]
  ignore line: [/usr/bin/cmake -E cmake_link_script CMakeFiles/cmTC_e3da3.dir/link.txt --verbose=1]
  ignore line: [/home/li/anaconda3/envs/py3.6/bin/x86_64-conda_cos6-linux-gnu-cc  -march=nocona -mtune=haswell -ftree-vectorize -fPIC -fstack-protector-strong -fno-plt -O2 -ffunction-sections -pipe -isystem /home/li/anaconda3/envs/py3.6/include     -Wl,-O2 -Wl,--sort-common -Wl,--as-needed -Wl,-z,relro -Wl,-z,now -Wl,--disable-new-dtags -Wl,--gc-sections -Wl,-rpath,/home/li/anaconda3/envs/py3.6/lib -Wl,-rpath-link,/home/li/anaconda3/envs/py3.6/lib -L/home/li/anaconda3/envs/py3.6/lib -v CMakeFiles/cmTC_e3da3.dir/CMakeCCompilerABI.c.o  -o cmTC_e3da3 -rdynamic  ]
  ignore line: [Reading specs from /home/li/anaconda3/envs/py3.6/bin/../lib/gcc/x86_64-conda_cos6-linux-gnu/7.3.0/specs]
  ignore line: [COLLECT_GCC=/home/li/anaconda3/envs/py3.6/bin/x86_64-conda_cos6-linux-gnu-cc]
  ignore line: [COLLECT_LTO_WRAPPER=/home/li/anaconda3/envs/py3.6/bin/../libexec/gcc/x86_64-conda_cos6-linux-gnu/7.3.0/lto-wrapper]
  ignore line: [Target: x86_64-conda_cos6-linux-gnu]
  ignore line: [Configured with: /home/conda/feedstock_root/build_artifacts/ctng-compilers_1580517382604/work/.build/x86_64-conda_cos6-linux-gnu/src/gcc/configure --build=x86_64-build_pc-linux-gnu --host=x86_64-build_pc-linux-gnu --target=x86_64-conda_cos6-linux-gnu --prefix=/home/conda/feedstock_root/build_artifacts/ctng-compilers_1580517382604/work/gcc_built --with-sysroot=/home/conda/feedstock_root/build_artifacts/ctng-compilers_1580517382604/work/gcc_built/x86_64-conda_cos6-linux-gnu/sysroot --enable-languages=c,c++,fortran,objc,obj-c++ --with-pkgversion='crosstool-NG 1.23.0.450-d54ae' --enable-__cxa_atexit --disable-libmudflap --enable-libgomp --disable-libssp --enable-libquadmath --enable-libquadmath-support --enable-libsanitizer --enable-libmpx --with-gmp=/home/conda/feedstock_root/build_artifacts/ctng-compilers_1580517382604/work/.build/x86_64-conda_cos6-linux-gnu/buildtools --with-mpfr=/home/conda/feedstock_root/build_artifacts/ctng-compilers_1580517382604/work/.build/x86_64-conda_cos6-linux-gnu/buildtools --with-mpc=/home/conda/feedstock_root/build_artifacts/ctng-compilers_1580517382604/work/.build/x86_64-conda_cos6-linux-gnu/buildtools --with-isl=/home/conda/feedstock_root/build_artifacts/ctng-compilers_1580517382604/work/.build/x86_64-conda_cos6-linux-gnu/buildtools --enable-lto --with-host-libstdcxx='-static-libgcc -Wl,-Bstatic,-lstdc++,-Bdynamic -lm' --enable-threads=posix --enable-target-optspace --enable-plugin --enable-gold --disable-nls --disable-multilib --with-local-prefix=/home/conda/feedstock_root/build_artifacts/ctng-compilers_1580517382604/work/gcc_built/x86_64-conda_cos6-linux-gnu/sysroot --enable-long-long --enable-default-pie]
  ignore line: [Thread model: posix]
  ignore line: [gcc version 7.3.0 (crosstool-NG 1.23.0.450-d54ae) ]
  ignore line: [COMPILER_PATH=/home/li/anaconda3/envs/py3.6/bin/../libexec/gcc/x86_64-conda_cos6-linux-gnu/7.3.0/:/home/li/anaconda3/envs/py3.6/bin/../libexec/gcc/:/home/li/anaconda3/envs/py3.6/bin/../lib/gcc/x86_64-conda_cos6-linux-gnu/7.3.0/../../../../x86_64-conda_cos6-linux-gnu/bin/]
  ignore line: [LIBRARY_PATH=/home/li/anaconda3/envs/py3.6/bin/../lib/gcc/x86_64-conda_cos6-linux-gnu/7.3.0/:/home/li/anaconda3/envs/py3.6/bin/../lib/gcc/:/home/li/anaconda3/envs/py3.6/bin/../lib/gcc/x86_64-conda_cos6-linux-gnu/7.3.0/../../../../x86_64-conda_cos6-linux-gnu/lib/../lib/:/home/li/anaconda3/envs/py3.6/bin/../x86_64-conda_cos6-linux-gnu/sysroot/lib/../lib/:/home/li/anaconda3/envs/py3.6/bin/../x86_64-conda_cos6-linux-gnu/sysroot/usr/lib/../lib/:/home/li/anaconda3/envs/py3.6/bin/../lib/gcc/x86_64-conda_cos6-linux-gnu/7.3.0/../../../../x86_64-conda_cos6-linux-gnu/lib/:/home/li/anaconda3/envs/py3.6/bin/../x86_64-conda_cos6-linux-gnu/sysroot/lib/:/home/li/anaconda3/envs/py3.6/bin/../x86_64-conda_cos6-linux-gnu/sysroot/usr/lib/]
  ignore line: [COLLECT_GCC_OPTIONS='-march=nocona' '-mtune=haswell' '-ftree-vectorize' '-fPIC' '-fstack-protector-strong' '-fno-plt' '-O2' '-ffunction-sections' '-pipe' '-isystem' '/home/li/anaconda3/envs/py3.6/include' '-L/home/li/anaconda3/envs/py3.6/lib' '-v' '-o' 'cmTC_e3da3' '-rdynamic']
  link line: [ /home/li/anaconda3/envs/py3.6/bin/../libexec/gcc/x86_64-conda_cos6-linux-gnu/7.3.0/collect2 -plugin /home/li/anaconda3/envs/py3.6/bin/../libexec/gcc/x86_64-conda_cos6-linux-gnu/7.3.0/liblto_plugin.so -plugin-opt=/home/li/anaconda3/envs/py3.6/bin/../libexec/gcc/x86_64-conda_cos6-linux-gnu/7.3.0/lto-wrapper -plugin-opt=-fresolution=/tmp/ccTFjGAe.res -plugin-opt=-pass-through=-lgcc -plugin-opt=-pass-through=-lgcc_s -plugin-opt=-pass-through=-lc -plugin-opt=-pass-through=-lgcc -plugin-opt=-pass-through=-lgcc_s --sysroot=/home/li/anaconda3/envs/py3.6/bin/../x86_64-conda_cos6-linux-gnu/sysroot --eh-frame-hdr -m elf_x86_64 -export-dynamic -dynamic-linker /lib64/ld-linux-x86-64.so.2 -pie -o cmTC_e3da3 /home/li/anaconda3/envs/py3.6/bin/../x86_64-conda_cos6-linux-gnu/sysroot/usr/lib/../lib/Scrt1.o /home/li/anaconda3/envs/py3.6/bin/../x86_64-conda_cos6-linux-gnu/sysroot/usr/lib/../lib/crti.o /home/li/anaconda3/envs/py3.6/bin/../lib/gcc/x86_64-conda_cos6-linux-gnu/7.3.0/crtbeginS.o -L/home/li/anaconda3/envs/py3.6/lib -L/home/li/anaconda3/envs/py3.6/bin/../lib/gcc/x86_64-conda_cos6-linux-gnu/7.3.0 -L/home/li/anaconda3/envs/py3.6/bin/../lib/gcc -L/home/li/anaconda3/envs/py3.6/bin/../lib/gcc/x86_64-conda_cos6-linux-gnu/7.3.0/../../../../x86_64-conda_cos6-linux-gnu/lib/../lib -L/home/li/anaconda3/envs/py3.6/bin/../x86_64-conda_cos6-linux-gnu/sysroot/lib/../lib -L/home/li/anaconda3/envs/py3.6/bin/../x86_64-conda_cos6-linux-gnu/sysroot/usr/lib/../lib -L/home/li/anaconda3/envs/py3.6/bin/../lib/gcc/x86_64-conda_cos6-linux-gnu/7.3.0/../../../../x86_64-conda_cos6-linux-gnu/lib -L/home/li/anaconda3/envs/py3.6/bin/../x86_64-conda_cos6-linux-gnu/sysroot/lib -L/home/li/anaconda3/envs/py3.6/bin/../x86_64-conda_cos6-linux-gnu/sysroot/usr/lib -rpath /home/li/anaconda3/envs/py3.6/lib -O2 --sort-common --as-needed -z relro -z now --disable-new-dtags --gc-sections -rpath /home/li/anaconda3/envs/py3.6/lib -rpath-link /home/li/anaconda3/envs/py3.6/lib CMakeFiles/cmTC_e3da3.dir/CMakeCCompilerABI.c.o -lgcc --as-needed -lgcc_s --no-as-needed -lc -lgcc --as-needed -lgcc_s --no-as-needed /home/li/anaconda3/envs/py3.6/bin/../lib/gcc/x86_64-conda_cos6-linux-gnu/7.3.0/crtendS.o /home/li/anaconda3/envs/py3.6/bin/../x86_64-conda_cos6-linux-gnu/sysroot/usr/lib/../lib/crtn.o]
    arg [/home/li/anaconda3/envs/py3.6/bin/../libexec/gcc/x86_64-conda_cos6-linux-gnu/7.3.0/collect2] ==> ignore
    arg [-plugin] ==> ignore
    arg [/home/li/anaconda3/envs/py3.6/bin/../libexec/gcc/x86_64-conda_cos6-linux-gnu/7.3.0/liblto_plugin.so] ==> ignore
    arg [-plugin-opt=/home/li/anaconda3/envs/py3.6/bin/../libexec/gcc/x86_64-conda_cos6-linux-gnu/7.3.0/lto-wrapper] ==> ignore
    arg [-plugin-opt=-fresolution=/tmp/ccTFjGAe.res] ==> ignore
    arg [-plugin-opt=-pass-through=-lgcc] ==> ignore
    arg [-plugin-opt=-pass-through=-lgcc_s] ==> ignore
    arg [-plugin-opt=-pass-through=-lc] ==> ignore
    arg [-plugin-opt=-pass-through=-lgcc] ==> ignore
    arg [-plugin-opt=-pass-through=-lgcc_s] ==> ignore
    arg [--sysroot=/home/li/anaconda3/envs/py3.6/bin/../x86_64-conda_cos6-linux-gnu/sysroot] ==> ignore
    arg [--eh-frame-hdr] ==> ignore
    arg [-m] ==> ignore
    arg [elf_x86_64] ==> ignore
    arg [-export-dynamic] ==> ignore
    arg [-dynamic-linker] ==> ignore
    arg [/lib64/ld-linux-x86-64.so.2] ==> ignore
    arg [-pie] ==> ignore
    arg [-o] ==> ignore
    arg [cmTC_e3da3] ==> ignore
    arg [/home/li/anaconda3/envs/py3.6/bin/../x86_64-conda_cos6-linux-gnu/sysroot/usr/lib/../lib/Scrt1.o] ==> ignore
    arg [/home/li/anaconda3/envs/py3.6/bin/../x86_64-conda_cos6-linux-gnu/sysroot/usr/lib/../lib/crti.o] ==> ignore
    arg [/home/li/anaconda3/envs/py3.6/bin/../lib/gcc/x86_64-conda_cos6-linux-gnu/7.3.0/crtbeginS.o] ==> ignore
    arg [-L/home/li/anaconda3/envs/py3.6/lib] ==> dir [/home/li/anaconda3/envs/py3.6/lib]
    arg [-L/home/li/anaconda3/envs/py3.6/bin/../lib/gcc/x86_64-conda_cos6-linux-gnu/7.3.0] ==> dir [/home/li/anaconda3/envs/py3.6/bin/../lib/gcc/x86_64-conda_cos6-linux-gnu/7.3.0]
    arg [-L/home/li/anaconda3/envs/py3.6/bin/../lib/gcc] ==> dir [/home/li/anaconda3/envs/py3.6/bin/../lib/gcc]
    arg [-L/home/li/anaconda3/envs/py3.6/bin/../lib/gcc/x86_64-conda_cos6-linux-gnu/7.3.0/../../../../x86_64-conda_cos6-linux-gnu/lib/../lib] ==> dir [/home/li/anaconda3/envs/py3.6/bin/../lib/gcc/x86_64-conda_cos6-linux-gnu/7.3.0/../../../../x86_64-conda_cos6-linux-gnu/lib/../lib]
    arg [-L/home/li/anaconda3/envs/py3.6/bin/../x86_64-conda_cos6-linux-gnu/sysroot/lib/../lib] ==> dir [/home/li/anaconda3/envs/py3.6/bin/../x86_64-conda_cos6-linux-gnu/sysroot/lib/../lib]
    arg [-L/home/li/anaconda3/envs/py3.6/bin/../x86_64-conda_cos6-linux-gnu/sysroot/usr/lib/../lib] ==> dir [/home/li/anaconda3/envs/py3.6/bin/../x86_64-conda_cos6-linux-gnu/sysroot/usr/lib/../lib]
    arg [-L/home/li/anaconda3/envs/py3.6/bin/../lib/gcc/x86_64-conda_cos6-linux-gnu/7.3.0/../../../../x86_64-conda_cos6-linux-gnu/lib] ==> dir [/home/li/anaconda3/envs/py3.6/bin/../lib/gcc/x86_64-conda_cos6-linux-gnu/7.3.0/../../../../x86_64-conda_cos6-linux-gnu/lib]
    arg [-L/home/li/anaconda3/envs/py3.6/bin/../x86_64-conda_cos6-linux-gnu/sysroot/lib] ==> dir [/home/li/anaconda3/envs/py3.6/bin/../x86_64-conda_cos6-linux-gnu/sysroot/lib]
    arg [-L/home/li/anaconda3/envs/py3.6/bin/../x86_64-conda_cos6-linux-gnu/sysroot/usr/lib] ==> dir [/home/li/anaconda3/envs/py3.6/bin/../x86_64-conda_cos6-linux-gnu/sysroot/usr/lib]
    arg [-rpath] ==> ignore
    arg [/home/li/anaconda3/envs/py3.6/lib] ==> ignore
    arg [-O2] ==> ignore
    arg [--sort-common] ==> ignore
    arg [--as-needed] ==> ignore
    arg [-zrelro] ==> ignore
    arg [-znow] ==> ignore
    arg [--disable-new-dtags] ==> ignore
    arg [--gc-sections] ==> ignore
    arg [-rpath] ==> ignore
    arg [/home/li/anaconda3/envs/py3.6/lib] ==> ignore
    arg [-rpath-link] ==> ignore
    arg [/home/li/anaconda3/envs/py3.6/lib] ==> ignore
    arg [CMakeFiles/cmTC_e3da3.dir/CMakeCCompilerABI.c.o] ==> ignore
    arg [-lgcc] ==> lib [gcc]
    arg [--as-needed] ==> ignore
    arg [-lgcc_s] ==> lib [gcc_s]
    arg [--no-as-needed] ==> ignore
    arg [-lc] ==> lib [c]
    arg [-lgcc] ==> lib [gcc]
    arg [--as-needed] ==> ignore
    arg [-lgcc_s] ==> lib [gcc_s]
    arg [--no-as-needed] ==> ignore
    arg [/home/li/anaconda3/envs/py3.6/bin/../lib/gcc/x86_64-conda_cos6-linux-gnu/7.3.0/crtendS.o] ==> ignore
    arg [/home/li/anaconda3/envs/py3.6/bin/../x86_64-conda_cos6-linux-gnu/sysroot/usr/lib/../lib/crtn.o] ==> ignore
  remove lib [gcc]
  remove lib [gcc_s]
  remove lib [gcc]
  remove lib [gcc_s]
  collapse library dir [/home/li/anaconda3/envs/py3.6/lib] ==> [/home/li/anaconda3/envs/py3.6/lib]
  collapse library dir [/home/li/anaconda3/envs/py3.6/bin/../lib/gcc/x86_64-conda_cos6-linux-gnu/7.3.0] ==> [/home/li/anaconda3/envs/py3.6/lib/gcc/x86_64-conda_cos6-linux-gnu/7.3.0]
  collapse library dir [/home/li/anaconda3/envs/py3.6/bin/../lib/gcc] ==> [/home/li/anaconda3/envs/py3.6/lib/gcc]
  collapse library dir [/home/li/anaconda3/envs/py3.6/bin/../lib/gcc/x86_64-conda_cos6-linux-gnu/7.3.0/../../../../x86_64-conda_cos6-linux-gnu/lib/../lib] ==> [/home/li/anaconda3/envs/py3.6/x86_64-conda_cos6-linux-gnu/lib]
  collapse library dir [/home/li/anaconda3/envs/py3.6/bin/../x86_64-conda_cos6-linux-gnu/sysroot/lib/../lib] ==> [/home/li/anaconda3/envs/py3.6/x86_64-conda_cos6-linux-gnu/sysroot/lib]
  collapse library dir [/home/li/anaconda3/envs/py3.6/bin/../x86_64-conda_cos6-linux-gnu/sysroot/usr/lib/../lib] ==> [/home/li/anaconda3/envs/py3.6/x86_64-conda_cos6-linux-gnu/sysroot/usr/lib]
  collapse library dir [/home/li/anaconda3/envs/py3.6/bin/../lib/gcc/x86_64-conda_cos6-linux-gnu/7.3.0/../../../../x86_64-conda_cos6-linux-gnu/lib] ==> [/home/li/anaconda3/envs/py3.6/x86_64-conda_cos6-linux-gnu/lib]
  collapse library dir [/home/li/anaconda3/envs/py3.6/bin/../x86_64-conda_cos6-linux-gnu/sysroot/lib] ==> [/home/li/anaconda3/envs/py3.6/x86_64-conda_cos6-linux-gnu/sysroot/lib]
  collapse library dir [/home/li/anaconda3/envs/py3.6/bin/../x86_64-conda_cos6-linux-gnu/sysroot/usr/lib] ==> [/home/li/anaconda3/envs/py3.6/x86_64-conda_cos6-linux-gnu/sysroot/usr/lib]
  implicit libs: [c]
  implicit dirs: [/home/li/anaconda3/envs/py3.6/lib;/home/li/anaconda3/envs/py3.6/lib/gcc/x86_64-conda_cos6-linux-gnu/7.3.0;/home/li/anaconda3/envs/py3.6/lib/gcc;/home/li/anaconda3/envs/py3.6/x86_64-conda_cos6-linux-gnu/lib;/home/li/anaconda3/envs/py3.6/x86_64-conda_cos6-linux-gnu/sysroot/lib;/home/li/anaconda3/envs/py3.6/x86_64-conda_cos6-linux-gnu/sysroot/usr/lib]
  implicit fwks: []




Detecting C [-std=c11] compiler features compiled with the following output:
Change Dir: /home/li/Desktop/LZH/CNN_NET/build/CMakeFiles/CMakeTmp

Run Build Command:"/usr/bin/make" "cmTC_2f779/fast"
/usr/bin/make -f CMakeFiles/cmTC_2f779.dir/build.make CMakeFiles/cmTC_2f779.dir/build
make[1]: Entering directory '/home/li/Desktop/LZH/CNN_NET/build/CMakeFiles/CMakeTmp'
Building C object CMakeFiles/cmTC_2f779.dir/feature_tests.c.o
/home/li/anaconda3/envs/py3.6/bin/x86_64-conda_cos6-linux-gnu-cc    -march=nocona -mtune=haswell -ftree-vectorize -fPIC -fstack-protector-strong -fno-plt -O2 -ffunction-sections -pipe -isystem /home/li/anaconda3/envs/py3.6/include     -std=c11 -o CMakeFiles/cmTC_2f779.dir/feature_tests.c.o   -c /home/li/Desktop/LZH/CNN_NET/build/CMakeFiles/feature_tests.c
Linking C executable cmTC_2f779
/usr/bin/cmake -E cmake_link_script CMakeFiles/cmTC_2f779.dir/link.txt --verbose=1
/home/li/anaconda3/envs/py3.6/bin/x86_64-conda_cos6-linux-gnu-cc  -march=nocona -mtune=haswell -ftree-vectorize -fPIC -fstack-protector-strong -fno-plt -O2 -ffunction-sections -pipe -isystem /home/li/anaconda3/envs/py3.6/include     -Wl,-O2 -Wl,--sort-common -Wl,--as-needed -Wl,-z,relro -Wl,-z,now -Wl,--disable-new-dtags -Wl,--gc-sections -Wl,-rpath,/home/li/anaconda3/envs/py3.6/lib -Wl,-rpath-link,/home/li/anaconda3/envs/py3.6/lib -L/home/li/anaconda3/envs/py3.6/lib  CMakeFiles/cmTC_2f779.dir/feature_tests.c.o  -o cmTC_2f779 -rdynamic 
make[1]: Leaving directory '/home/li/Desktop/LZH/CNN_NET/build/CMakeFiles/CMakeTmp'


    Feature record: C_FEATURE:1c_function_prototypes
    Feature record: C_FEATURE:1c_restrict
    Feature record: C_FEATURE:1c_static_assert
    Feature record: C_FEATURE:1c_variadic_macros


Detecting C [-std=c99] compiler features compiled with the following output:
Change Dir: /home/li/Desktop/LZH/CNN_NET/build/CMakeFiles/CMakeTmp

Run Build Command:"/usr/bin/make" "cmTC_f2d1b/fast"
/usr/bin/make -f CMakeFiles/cmTC_f2d1b.dir/build.make CMakeFiles/cmTC_f2d1b.dir/build
make[1]: Entering directory '/home/li/Desktop/LZH/CNN_NET/build/CMakeFiles/CMakeTmp'
Building C object CMakeFiles/cmTC_f2d1b.dir/feature_tests.c.o
/home/li/anaconda3/envs/py3.6/bin/x86_64-conda_cos6-linux-gnu-cc    -march=nocona -mtune=haswell -ftree-vectorize -fPIC -fstack-protector-strong -fno-plt -O2 -ffunction-sections -pipe -isystem /home/li/anaconda3/envs/py3.6/include     -std=c99 -o CMakeFiles/cmTC_f2d1b.dir/feature_tests.c.o   -c /home/li/Desktop/LZH/CNN_NET/build/CMakeFiles/feature_tests.c
Linking C executable cmTC_f2d1b
/usr/bin/cmake -E cmake_link_script CMakeFiles/cmTC_f2d1b.dir/link.txt --verbose=1
/home/li/anaconda3/envs/py3.6/bin/x86_64-conda_cos6-linux-gnu-cc  -march=nocona -mtune=haswell -ftree-vectorize -fPIC -fstack-protector-strong -fno-plt -O2 -ffunction-sections -pipe -isystem /home/li/anaconda3/envs/py3.6/include     -Wl,-O2 -Wl,--sort-common -Wl,--as-needed -Wl,-z,relro -Wl,-z,now -Wl,--disable-new-dtags -Wl,--gc-sections -Wl,-rpath,/home/li/anaconda3/envs/py3.6/lib -Wl,-rpath-link,/home/li/anaconda3/envs/py3.6/lib -L/home/li/anaconda3/envs/py3.6/lib  CMakeFiles/cmTC_f2d1b.dir/feature_tests.c.o  -o cmTC_f2d1b -rdynamic 
make[1]: Leaving directory '/home/li/Desktop/LZH/CNN_NET/build/CMakeFiles/CMakeTmp'


    Feature record: C_FEATURE:1c_function_prototypes
    Feature record: C_FEATURE:1c_restrict
    Feature record: C_FEATURE:0c_static_assert
    Feature record: C_FEATURE:1c_variadic_macros


Detecting C [-std=c90] compiler features compiled with the following output:
Change Dir: /home/li/Desktop/LZH/CNN_NET/build/CMakeFiles/CMakeTmp

Run Build Command:"/usr/bin/make" "cmTC_ed80e/fast"
/usr/bin/make -f CMakeFiles/cmTC_ed80e.dir/build.make CMakeFiles/cmTC_ed80e.dir/build
make[1]: Entering directory '/home/li/Desktop/LZH/CNN_NET/build/CMakeFiles/CMakeTmp'
Building C object CMakeFiles/cmTC_ed80e.dir/feature_tests.c.o
/home/li/anaconda3/envs/py3.6/bin/x86_64-conda_cos6-linux-gnu-cc    -march=nocona -mtune=haswell -ftree-vectorize -fPIC -fstack-protector-strong -fno-plt -O2 -ffunction-sections -pipe -isystem /home/li/anaconda3/envs/py3.6/include     -std=c90 -o CMakeFiles/cmTC_ed80e.dir/feature_tests.c.o   -c /home/li/Desktop/LZH/CNN_NET/build/CMakeFiles/feature_tests.c
Linking C executable cmTC_ed80e
/usr/bin/cmake -E cmake_link_script CMakeFiles/cmTC_ed80e.dir/link.txt --verbose=1
/home/li/anaconda3/envs/py3.6/bin/x86_64-conda_cos6-linux-gnu-cc  -march=nocona -mtune=haswell -ftree-vectorize -fPIC -fstack-protector-strong -fno-plt -O2 -ffunction-sections -pipe -isystem /home/li/anaconda3/envs/py3.6/include     -Wl,-O2 -Wl,--sort-common -Wl,--as-needed -Wl,-z,relro -Wl,-z,now -Wl,--disable-new-dtags -Wl,--gc-sections -Wl,-rpath,/home/li/anaconda3/envs/py3.6/lib -Wl,-rpath-link,/home/li/anaconda3/envs/py3.6/lib -L/home/li/anaconda3/envs/py3.6/lib  CMakeFiles/cmTC_ed80e.dir/feature_tests.c.o  -o cmTC_ed80e -rdynamic 
make[1]: Leaving directory '/home/li/Desktop/LZH/CNN_NET/build/CMakeFiles/CMakeTmp'


    Feature record: C_FEATURE:1c_function_prototypes
    Feature record: C_FEATURE:0c_restrict
    Feature record: C_FEATURE:0c_static_assert
    Feature record: C_FEATURE:0c_variadic_macros
Determining if the CXX compiler works passed with the following output:
Change Dir: /home/li/Desktop/LZH/CNN_NET/build/CMakeFiles/CMakeTmp

Run Build Command:"/usr/bin/make" "cmTC_d54c3/fast"
/usr/bin/make -f CMakeFiles/cmTC_d54c3.dir/build.make CMakeFiles/cmTC_d54c3.dir/build
make[1]: Entering directory '/home/li/Desktop/LZH/CNN_NET/build/CMakeFiles/CMakeTmp'
Building CXX object CMakeFiles/cmTC_d54c3.dir/testCXXCompiler.cxx.o
/usr/bin/c++      -o CMakeFiles/cmTC_d54c3.dir/testCXXCompiler.cxx.o -c /home/li/Desktop/LZH/CNN_NET/build/CMakeFiles/CMakeTmp/testCXXCompiler.cxx
Linking CXX executable cmTC_d54c3
/usr/bin/cmake -E cmake_link_script CMakeFiles/cmTC_d54c3.dir/link.txt --verbose=1
/usr/bin/c++       -Wl,-O2 -Wl,--sort-common -Wl,--as-needed -Wl,-z,relro -Wl,-z,now -Wl,--disable-new-dtags -Wl,--gc-sections -Wl,-rpath,/home/li/anaconda3/envs/py3.6/lib -Wl,-rpath-link,/home/li/anaconda3/envs/py3.6/lib -L/home/li/anaconda3/envs/py3.6/lib  CMakeFiles/cmTC_d54c3.dir/testCXXCompiler.cxx.o  -o cmTC_d54c3 -rdynamic 
make[1]: Leaving directory '/home/li/Desktop/LZH/CNN_NET/build/CMakeFiles/CMakeTmp'


Detecting CXX compiler ABI info compiled with the following output:
Change Dir: /home/li/Desktop/LZH/CNN_NET/build/CMakeFiles/CMakeTmp

Run Build Command:"/usr/bin/make" "cmTC_08039/fast"
/usr/bin/make -f CMakeFiles/cmTC_08039.dir/build.make CMakeFiles/cmTC_08039.dir/build
make[1]: Entering directory '/home/li/Desktop/LZH/CNN_NET/build/CMakeFiles/CMakeTmp'
Building CXX object CMakeFiles/cmTC_08039.dir/CMakeCXXCompilerABI.cpp.o
/usr/bin/c++      -o CMakeFiles/cmTC_08039.dir/CMakeCXXCompilerABI.cpp.o -c /usr/share/cmake-3.5/Modules/CMakeCXXCompilerABI.cpp
Linking CXX executable cmTC_08039
/usr/bin/cmake -E cmake_link_script CMakeFiles/cmTC_08039.dir/link.txt --verbose=1
/usr/bin/c++       -Wl,-O2 -Wl,--sort-common -Wl,--as-needed -Wl,-z,relro -Wl,-z,now -Wl,--disable-new-dtags -Wl,--gc-sections -Wl,-rpath,/home/li/anaconda3/envs/py3.6/lib -Wl,-rpath-link,/home/li/anaconda3/envs/py3.6/lib -L/home/li/anaconda3/envs/py3.6/lib -v CMakeFiles/cmTC_08039.dir/CMakeCXXCompilerABI.cpp.o  -o cmTC_08039 -rdynamic  
Using built-in specs.
COLLECT_GCC=/usr/bin/c++
COLLECT_LTO_WRAPPER=/usr/lib/gcc/x86_64-linux-gnu/6/lto-wrapper
Target: x86_64-linux-gnu
Configured with: ../src/configure -v --with-pkgversion='Ubuntu 6.5.0-2ubuntu1~16.04' --with-bugurl=file:///usr/share/doc/gcc-6/README.Bugs --enable-languages=c,ada,c++,java,go,d,fortran,objc,obj-c++ --prefix=/usr --with-as=/usr/bin/x86_64-linux-gnu-as --with-ld=/usr/bin/x86_64-linux-gnu-ld --program-suffix=-6 --program-prefix=x86_64-linux-gnu- --enable-shared --enable-linker-build-id --libexecdir=/usr/lib --without-included-gettext --enable-threads=posix --libdir=/usr/lib --enable-nls --with-sysroot=/ --enable-clocale=gnu --enable-libstdcxx-debug --enable-libstdcxx-time=yes --with-default-libstdcxx-abi=new --enable-gnu-unique-object --disable-vtable-verify --enable-libmpx --enable-plugin --with-system-zlib --disable-browser-plugin --enable-java-awt=gtk --enable-gtk-cairo --with-java-home=/usr/lib/jvm/java-1.5.0-gcj-6-amd64/jre --enable-java-home --with-jvm-root-dir=/usr/lib/jvm/java-1.5.0-gcj-6-amd64 --with-jvm-jar-dir=/usr/lib/jvm-exports/java-1.5.0-gcj-6-amd64 --with-arch-directory=amd64 --with-ecj-jar=/usr/share/java/eclipse-ecj.jar --with-target-system-zlib --enable-objc-gc=auto --enable-multiarch --disable-werror --with-arch-32=i686 --with-abi=m64 --with-multilib-list=m32,m64,mx32 --enable-multilib --with-tune=generic --enable-checking=release --build=x86_64-linux-gnu --host=x86_64-linux-gnu --target=x86_64-linux-gnu
Thread model: posix
gcc version 6.5.0 20181026 (Ubuntu 6.5.0-2ubuntu1~16.04) 
COMPILER_PATH=/usr/lib/gcc/x86_64-linux-gnu/6/:/usr/lib/gcc/x86_64-linux-gnu/6/:/usr/lib/gcc/x86_64-linux-gnu/:/usr/lib/gcc/x86_64-linux-gnu/6/:/usr/lib/gcc/x86_64-linux-gnu/
LIBRARY_PATH=/usr/lib/gcc/x86_64-linux-gnu/6/:/usr/lib/gcc/x86_64-linux-gnu/6/../../../x86_64-linux-gnu/:/usr/lib/gcc/x86_64-linux-gnu/6/../../../../lib/:/lib/x86_64-linux-gnu/:/lib/../lib/:/usr/lib/x86_64-linux-gnu/:/usr/lib/../lib/:/usr/lib/gcc/x86_64-linux-gnu/6/../../../:/lib/:/usr/lib/
COLLECT_GCC_OPTIONS='-L/home/li/anaconda3/envs/py3.6/lib' '-v' '-o' 'cmTC_08039' '-rdynamic' '-shared-libgcc' '-mtune=generic' '-march=x86-64'
 /usr/lib/gcc/x86_64-linux-gnu/6/collect2 -plugin /usr/lib/gcc/x86_64-linux-gnu/6/liblto_plugin.so -plugin-opt=/usr/lib/gcc/x86_64-linux-gnu/6/lto-wrapper -plugin-opt=-fresolution=/tmp/ccdEkCj3.res -plugin-opt=-pass-through=-lgcc_s -plugin-opt=-pass-through=-lgcc -plugin-opt=-pass-through=-lc -plugin-opt=-pass-through=-lgcc_s -plugin-opt=-pass-through=-lgcc --sysroot=/ --build-id --eh-frame-hdr -m elf_x86_64 --hash-style=gnu --as-needed -export-dynamic -dynamic-linker /lib64/ld-linux-x86-64.so.2 -z relro -o cmTC_08039 /usr/lib/gcc/x86_64-linux-gnu/6/../../../x86_64-linux-gnu/crt1.o /usr/lib/gcc/x86_64-linux-gnu/6/../../../x86_64-linux-gnu/crti.o /usr/lib/gcc/x86_64-linux-gnu/6/crtbegin.o -L/home/li/anaconda3/envs/py3.6/lib -L/usr/lib/gcc/x86_64-linux-gnu/6 -L/usr/lib/gcc/x86_64-linux-gnu/6/../../../x86_64-linux-gnu -L/usr/lib/gcc/x86_64-linux-gnu/6/../../../../lib -L/lib/x86_64-linux-gnu -L/lib/../lib -L/usr/lib/x86_64-linux-gnu -L/usr/lib/../lib -L/usr/lib/gcc/x86_64-linux-gnu/6/../../.. -O2 --sort-common --as-needed -z relro -z now --disable-new-dtags --gc-sections -rpath /home/li/anaconda3/envs/py3.6/lib -rpath-link /home/li/anaconda3/envs/py3.6/lib CMakeFiles/cmTC_08039.dir/CMakeCXXCompilerABI.cpp.o -lstdc++ -lm -lgcc_s -lgcc -lc -lgcc_s -lgcc /usr/lib/gcc/x86_64-linux-gnu/6/crtend.o /usr/lib/gcc/x86_64-linux-gnu/6/../../../x86_64-linux-gnu/crtn.o
COLLECT_GCC_OPTIONS='-L/home/li/anaconda3/envs/py3.6/lib' '-v' '-o' 'cmTC_08039' '-rdynamic' '-shared-libgcc' '-mtune=generic' '-march=x86-64'
make[1]: Leaving directory '/home/li/Desktop/LZH/CNN_NET/build/CMakeFiles/CMakeTmp'


Parsed CXX implicit link information from above output:
  link line regex: [^( *|.*[/\])(ld|([^/\]+-)?ld|collect2)[^/\]*( |$)]
  ignore line: [Change Dir: /home/li/Desktop/LZH/CNN_NET/build/CMakeFiles/CMakeTmp]
  ignore line: []
  ignore line: [Run Build Command:"/usr/bin/make" "cmTC_08039/fast"]
  ignore line: [/usr/bin/make -f CMakeFiles/cmTC_08039.dir/build.make CMakeFiles/cmTC_08039.dir/build]
  ignore line: [make[1]: Entering directory '/home/li/Desktop/LZH/CNN_NET/build/CMakeFiles/CMakeTmp']
  ignore line: [Building CXX object CMakeFiles/cmTC_08039.dir/CMakeCXXCompilerABI.cpp.o]
  ignore line: [/usr/bin/c++      -o CMakeFiles/cmTC_08039.dir/CMakeCXXCompilerABI.cpp.o -c /usr/share/cmake-3.5/Modules/CMakeCXXCompilerABI.cpp]
  ignore line: [Linking CXX executable cmTC_08039]
  ignore line: [/usr/bin/cmake -E cmake_link_script CMakeFiles/cmTC_08039.dir/link.txt --verbose=1]
  ignore line: [/usr/bin/c++       -Wl,-O2 -Wl,--sort-common -Wl,--as-needed -Wl,-z,relro -Wl,-z,now -Wl,--disable-new-dtags -Wl,--gc-sections -Wl,-rpath,/home/li/anaconda3/envs/py3.6/lib -Wl,-rpath-link,/home/li/anaconda3/envs/py3.6/lib -L/home/li/anaconda3/envs/py3.6/lib -v CMakeFiles/cmTC_08039.dir/CMakeCXXCompilerABI.cpp.o  -o cmTC_08039 -rdynamic  ]
  ignore line: [Using built-in specs.]
  ignore line: [COLLECT_GCC=/usr/bin/c++]
  ignore line: [COLLECT_LTO_WRAPPER=/usr/lib/gcc/x86_64-linux-gnu/6/lto-wrapper]
  ignore line: [Target: x86_64-linux-gnu]
  ignore line: [Configured with: ../src/configure -v --with-pkgversion='Ubuntu 6.5.0-2ubuntu1~16.04' --with-bugurl=file:///usr/share/doc/gcc-6/README.Bugs --enable-languages=c,ada,c++,java,go,d,fortran,objc,obj-c++ --prefix=/usr --with-as=/usr/bin/x86_64-linux-gnu-as --with-ld=/usr/bin/x86_64-linux-gnu-ld --program-suffix=-6 --program-prefix=x86_64-linux-gnu- --enable-shared --enable-linker-build-id --libexecdir=/usr/lib --without-included-gettext --enable-threads=posix --libdir=/usr/lib --enable-nls --with-sysroot=/ --enable-clocale=gnu --enable-libstdcxx-debug --enable-libstdcxx-time=yes --with-default-libstdcxx-abi=new --enable-gnu-unique-object --disable-vtable-verify --enable-libmpx --enable-plugin --with-system-zlib --disable-browser-plugin --enable-java-awt=gtk --enable-gtk-cairo --with-java-home=/usr/lib/jvm/java-1.5.0-gcj-6-amd64/jre --enable-java-home --with-jvm-root-dir=/usr/lib/jvm/java-1.5.0-gcj-6-amd64 --with-jvm-jar-dir=/usr/lib/jvm-exports/java-1.5.0-gcj-6-amd64 --with-arch-directory=amd64 --with-ecj-jar=/usr/share/java/eclipse-ecj.jar --with-target-system-zlib --enable-objc-gc=auto --enable-multiarch --disable-werror --with-arch-32=i686 --with-abi=m64 --with-multilib-list=m32,m64,mx32 --enable-multilib --with-tune=generic --enable-checking=release --build=x86_64-linux-gnu --host=x86_64-linux-gnu --target=x86_64-linux-gnu]
  ignore line: [Thread model: posix]
  ignore line: [gcc version 6.5.0 20181026 (Ubuntu 6.5.0-2ubuntu1~16.04) ]
  ignore line: [COMPILER_PATH=/usr/lib/gcc/x86_64-linux-gnu/6/:/usr/lib/gcc/x86_64-linux-gnu/6/:/usr/lib/gcc/x86_64-linux-gnu/:/usr/lib/gcc/x86_64-linux-gnu/6/:/usr/lib/gcc/x86_64-linux-gnu/]
  ignore line: [LIBRARY_PATH=/usr/lib/gcc/x86_64-linux-gnu/6/:/usr/lib/gcc/x86_64-linux-gnu/6/../../../x86_64-linux-gnu/:/usr/lib/gcc/x86_64-linux-gnu/6/../../../../lib/:/lib/x86_64-linux-gnu/:/lib/../lib/:/usr/lib/x86_64-linux-gnu/:/usr/lib/../lib/:/usr/lib/gcc/x86_64-linux-gnu/6/../../../:/lib/:/usr/lib/]
  ignore line: [COLLECT_GCC_OPTIONS='-L/home/li/anaconda3/envs/py3.6/lib' '-v' '-o' 'cmTC_08039' '-rdynamic' '-shared-libgcc' '-mtune=generic' '-march=x86-64']
  link line: [ /usr/lib/gcc/x86_64-linux-gnu/6/collect2 -plugin /usr/lib/gcc/x86_64-linux-gnu/6/liblto_plugin.so -plugin-opt=/usr/lib/gcc/x86_64-linux-gnu/6/lto-wrapper -plugin-opt=-fresolution=/tmp/ccdEkCj3.res -plugin-opt=-pass-through=-lgcc_s -plugin-opt=-pass-through=-lgcc -plugin-opt=-pass-through=-lc -plugin-opt=-pass-through=-lgcc_s -plugin-opt=-pass-through=-lgcc --sysroot=/ --build-id --eh-frame-hdr -m elf_x86_64 --hash-style=gnu --as-needed -export-dynamic -dynamic-linker /lib64/ld-linux-x86-64.so.2 -z relro -o cmTC_08039 /usr/lib/gcc/x86_64-linux-gnu/6/../../../x86_64-linux-gnu/crt1.o /usr/lib/gcc/x86_64-linux-gnu/6/../../../x86_64-linux-gnu/crti.o /usr/lib/gcc/x86_64-linux-gnu/6/crtbegin.o -L/home/li/anaconda3/envs/py3.6/lib -L/usr/lib/gcc/x86_64-linux-gnu/6 -L/usr/lib/gcc/x86_64-linux-gnu/6/../../../x86_64-linux-gnu -L/usr/lib/gcc/x86_64-linux-gnu/6/../../../../lib -L/lib/x86_64-linux-gnu -L/lib/../lib -L/usr/lib/x86_64-linux-gnu -L/usr/lib/../lib -L/usr/lib/gcc/x86_64-linux-gnu/6/../../.. -O2 --sort-common --as-needed -z relro -z now --disable-new-dtags --gc-sections -rpath /home/li/anaconda3/envs/py3.6/lib -rpath-link /home/li/anaconda3/envs/py3.6/lib CMakeFiles/cmTC_08039.dir/CMakeCXXCompilerABI.cpp.o -lstdc++ -lm -lgcc_s -lgcc -lc -lgcc_s -lgcc /usr/lib/gcc/x86_64-linux-gnu/6/crtend.o /usr/lib/gcc/x86_64-linux-gnu/6/../../../x86_64-linux-gnu/crtn.o]
    arg [/usr/lib/gcc/x86_64-linux-gnu/6/collect2] ==> ignore
    arg [-plugin] ==> ignore
    arg [/usr/lib/gcc/x86_64-linux-gnu/6/liblto_plugin.so] ==> ignore
    arg [-plugin-opt=/usr/lib/gcc/x86_64-linux-gnu/6/lto-wrapper] ==> ignore
    arg [-plugin-opt=-fresolution=/tmp/ccdEkCj3.res] ==> ignore
    arg [-plugin-opt=-pass-through=-lgcc_s] ==> ignore
    arg [-plugin-opt=-pass-through=-lgcc] ==> ignore
    arg [-plugin-opt=-pass-through=-lc] ==> ignore
    arg [-plugin-opt=-pass-through=-lgcc_s] ==> ignore
    arg [-plugin-opt=-pass-through=-lgcc] ==> ignore
    arg [--sysroot=/] ==> ignore
    arg [--build-id] ==> ignore
    arg [--eh-frame-hdr] ==> ignore
    arg [-m] ==> ignore
    arg [elf_x86_64] ==> ignore
    arg [--hash-style=gnu] ==> ignore
    arg [--as-needed] ==> ignore
    arg [-export-dynamic] ==> ignore
    arg [-dynamic-linker] ==> ignore
    arg [/lib64/ld-linux-x86-64.so.2] ==> ignore
    arg [-zrelro] ==> ignore
    arg [-o] ==> ignore
    arg [cmTC_08039] ==> ignore
    arg [/usr/lib/gcc/x86_64-linux-gnu/6/../../../x86_64-linux-gnu/crt1.o] ==> ignore
    arg [/usr/lib/gcc/x86_64-linux-gnu/6/../../../x86_64-linux-gnu/crti.o] ==> ignore
    arg [/usr/lib/gcc/x86_64-linux-gnu/6/crtbegin.o] ==> ignore
    arg [-L/home/li/anaconda3/envs/py3.6/lib] ==> dir [/home/li/anaconda3/envs/py3.6/lib]
    arg [-L/usr/lib/gcc/x86_64-linux-gnu/6] ==> dir [/usr/lib/gcc/x86_64-linux-gnu/6]
    arg [-L/usr/lib/gcc/x86_64-linux-gnu/6/../../../x86_64-linux-gnu] ==> dir [/usr/lib/gcc/x86_64-linux-gnu/6/../../../x86_64-linux-gnu]
    arg [-L/usr/lib/gcc/x86_64-linux-gnu/6/../../../../lib] ==> dir [/usr/lib/gcc/x86_64-linux-gnu/6/../../../../lib]
    arg [-L/lib/x86_64-linux-gnu] ==> dir [/lib/x86_64-linux-gnu]
    arg [-L/lib/../lib] ==> dir [/lib/../lib]
    arg [-L/usr/lib/x86_64-linux-gnu] ==> dir [/usr/lib/x86_64-linux-gnu]
    arg [-L/usr/lib/../lib] ==> dir [/usr/lib/../lib]
    arg [-L/usr/lib/gcc/x86_64-linux-gnu/6/../../..] ==> dir [/usr/lib/gcc/x86_64-linux-gnu/6/../../..]
    arg [-O2] ==> ignore
    arg [--sort-common] ==> ignore
    arg [--as-needed] ==> ignore
    arg [-zrelro] ==> ignore
    arg [-znow] ==> ignore
    arg [--disable-new-dtags] ==> ignore
    arg [--gc-sections] ==> ignore
    arg [-rpath] ==> ignore
    arg [/home/li/anaconda3/envs/py3.6/lib] ==> ignore
    arg [-rpath-link] ==> ignore
    arg [/home/li/anaconda3/envs/py3.6/lib] ==> ignore
    arg [CMakeFiles/cmTC_08039.dir/CMakeCXXCompilerABI.cpp.o] ==> ignore
    arg [-lstdc++] ==> lib [stdc++]
    arg [-lm] ==> lib [m]
    arg [-lgcc_s] ==> lib [gcc_s]
    arg [-lgcc] ==> lib [gcc]
    arg [-lc] ==> lib [c]
    arg [-lgcc_s] ==> lib [gcc_s]
    arg [-lgcc] ==> lib [gcc]
    arg [/usr/lib/gcc/x86_64-linux-gnu/6/crtend.o] ==> ignore
    arg [/usr/lib/gcc/x86_64-linux-gnu/6/../../../x86_64-linux-gnu/crtn.o] ==> ignore
  remove lib [gcc_s]
  remove lib [gcc]
  remove lib [gcc_s]
  remove lib [gcc]
  collapse library dir [/home/li/anaconda3/envs/py3.6/lib] ==> [/home/li/anaconda3/envs/py3.6/lib]
  collapse library dir [/usr/lib/gcc/x86_64-linux-gnu/6] ==> [/usr/lib/gcc/x86_64-linux-gnu/6]
  collapse library dir [/usr/lib/gcc/x86_64-linux-gnu/6/../../../x86_64-linux-gnu] ==> [/usr/lib/x86_64-linux-gnu]
  collapse library dir [/usr/lib/gcc/x86_64-linux-gnu/6/../../../../lib] ==> [/usr/lib]
  collapse library dir [/lib/x86_64-linux-gnu] ==> [/lib/x86_64-linux-gnu]
  collapse library dir [/lib/../lib] ==> [/lib]
  collapse library dir [/usr/lib/x86_64-linux-gnu] ==> [/usr/lib/x86_64-linux-gnu]
  collapse library dir [/usr/lib/../lib] ==> [/usr/lib]
  collapse library dir [/usr/lib/gcc/x86_64-linux-gnu/6/../../..] ==> [/usr/lib]
  implicit libs: [stdc++;m;c]
  implicit dirs: [/home/li/anaconda3/envs/py3.6/lib;/usr/lib/gcc/x86_64-linux-gnu/6;/usr/lib/x86_64-linux-gnu;/usr/lib;/lib/x86_64-linux-gnu;/lib]
  implicit fwks: []




Detecting CXX [-std=c++14] compiler features compiled with the following output:
Change Dir: /home/li/Desktop/LZH/CNN_NET/build/CMakeFiles/CMakeTmp

Run Build Command:"/usr/bin/make" "cmTC_1736b/fast"
/usr/bin/make -f CMakeFiles/cmTC_1736b.dir/build.make CMakeFiles/cmTC_1736b.dir/build
make[1]: Entering directory '/home/li/Desktop/LZH/CNN_NET/build/CMakeFiles/CMakeTmp'
Building CXX object CMakeFiles/cmTC_1736b.dir/feature_tests.cxx.o
/usr/bin/c++     -std=c++14 -o CMakeFiles/cmTC_1736b.dir/feature_tests.cxx.o -c /home/li/Desktop/LZH/CNN_NET/build/CMakeFiles/feature_tests.cxx
Linking CXX executable cmTC_1736b
/usr/bin/cmake -E cmake_link_script CMakeFiles/cmTC_1736b.dir/link.txt --verbose=1
/usr/bin/c++       -Wl,-O2 -Wl,--sort-common -Wl,--as-needed -Wl,-z,relro -Wl,-z,now -Wl,--disable-new-dtags -Wl,--gc-sections -Wl,-rpath,/home/li/anaconda3/envs/py3.6/lib -Wl,-rpath-link,/home/li/anaconda3/envs/py3.6/lib -L/home/li/anaconda3/envs/py3.6/lib  CMakeFiles/cmTC_1736b.dir/feature_tests.cxx.o  -o cmTC_1736b -rdynamic 
make[1]: Leaving directory '/home/li/Desktop/LZH/CNN_NET/build/CMakeFiles/CMakeTmp'


    Feature record: CXX_FEATURE:1cxx_aggregate_default_initializers
    Feature record: CXX_FEATURE:1cxx_alias_templates
    Feature record: CXX_FEATURE:1cxx_alignas
    Feature record: CXX_FEATURE:1cxx_alignof
    Feature record: CXX_FEATURE:1cxx_attributes
    Feature record: CXX_FEATURE:1cxx_attribute_deprecated
    Feature record: CXX_FEATURE:1cxx_auto_type
    Feature record: CXX_FEATURE:1cxx_binary_literals
    Feature record: CXX_FEATURE:1cxx_constexpr
    Feature record: CXX_FEATURE:1cxx_contextual_conversions
    Feature record: CXX_FEATURE:1cxx_decltype
    Feature record: CXX_FEATURE:1cxx_decltype_auto
    Feature record: CXX_FEATURE:1cxx_decltype_incomplete_return_types
    Feature record: CXX_FEATURE:1cxx_default_function_template_args
    Feature record: CXX_FEATURE:1cxx_defaulted_functions
    Feature record: CXX_FEATURE:1cxx_defaulted_move_initializers
    Feature record: CXX_FEATURE:1cxx_delegating_constructors
    Feature record: CXX_FEATURE:1cxx_deleted_functions
    Feature record: CXX_FEATURE:1cxx_digit_separators
    Feature record: CXX_FEATURE:1cxx_enum_forward_declarations
    Feature record: CXX_FEATURE:1cxx_explicit_conversions
    Feature record: CXX_FEATURE:1cxx_extended_friend_declarations
    Feature record: CXX_FEATURE:1cxx_extern_templates
    Feature record: CXX_FEATURE:1cxx_final
    Feature record: CXX_FEATURE:1cxx_func_identifier
    Feature record: CXX_FEATURE:1cxx_generalized_initializers
    Feature record: CXX_FEATURE:1cxx_generic_lambdas
    Feature record: CXX_FEATURE:1cxx_inheriting_constructors
    Feature record: CXX_FEATURE:1cxx_inline_namespaces
    Feature record: CXX_FEATURE:1cxx_lambdas
    Feature record: CXX_FEATURE:1cxx_lambda_init_captures
    Feature record: CXX_FEATURE:1cxx_local_type_template_args
    Feature record: CXX_FEATURE:1cxx_long_long_type
    Feature record: CXX_FEATURE:1cxx_noexcept
    Feature record: CXX_FEATURE:1cxx_nonstatic_member_init
    Feature record: CXX_FEATURE:1cxx_nullptr
    Feature record: CXX_FEATURE:1cxx_override
    Feature record: CXX_FEATURE:1cxx_range_for
    Feature record: CXX_FEATURE:1cxx_raw_string_literals
    Feature record: CXX_FEATURE:1cxx_reference_qualified_functions
    Feature record: CXX_FEATURE:1cxx_relaxed_constexpr
    Feature record: CXX_FEATURE:1cxx_return_type_deduction
    Feature record: CXX_FEATURE:1cxx_right_angle_brackets
    Feature record: CXX_FEATURE:1cxx_rvalue_references
    Feature record: CXX_FEATURE:1cxx_sizeof_member
    Feature record: CXX_FEATURE:1cxx_static_assert
    Feature record: CXX_FEATURE:1cxx_strong_enums
    Feature record: CXX_FEATURE:1cxx_template_template_parameters
    Feature record: CXX_FEATURE:1cxx_thread_local
    Feature record: CXX_FEATURE:1cxx_trailing_return_types
    Feature record: CXX_FEATURE:1cxx_unicode_literals
    Feature record: CXX_FEATURE:1cxx_uniform_initialization
    Feature record: CXX_FEATURE:1cxx_unrestricted_unions
    Feature record: CXX_FEATURE:1cxx_user_literals
    Feature record: CXX_FEATURE:1cxx_variable_templates
    Feature record: CXX_FEATURE:1cxx_variadic_macros
    Feature record: CXX_FEATURE:1cxx_variadic_templates


Detecting CXX [-std=c++11] compiler features compiled with the following output:
Change Dir: /home/li/Desktop/LZH/CNN_NET/build/CMakeFiles/CMakeTmp

Run Build Command:"/usr/bin/make" "cmTC_4f090/fast"
/usr/bin/make -f CMakeFiles/cmTC_4f090.dir/build.make CMakeFiles/cmTC_4f090.dir/build
make[1]: Entering directory '/home/li/Desktop/LZH/CNN_NET/build/CMakeFiles/CMakeTmp'
Building CXX object CMakeFiles/cmTC_4f090.dir/feature_tests.cxx.o
/usr/bin/c++     -std=c++11 -o CMakeFiles/cmTC_4f090.dir/feature_tests.cxx.o -c /home/li/Desktop/LZH/CNN_NET/build/CMakeFiles/feature_tests.cxx
Linking CXX executable cmTC_4f090
/usr/bin/cmake -E cmake_link_script CMakeFiles/cmTC_4f090.dir/link.txt --verbose=1
/usr/bin/c++       -Wl,-O2 -Wl,--sort-common -Wl,--as-needed -Wl,-z,relro -Wl,-z,now -Wl,--disable-new-dtags -Wl,--gc-sections -Wl,-rpath,/home/li/anaconda3/envs/py3.6/lib -Wl,-rpath-link,/home/li/anaconda3/envs/py3.6/lib -L/home/li/anaconda3/envs/py3.6/lib  CMakeFiles/cmTC_4f090.dir/feature_tests.cxx.o  -o cmTC_4f090 -rdynamic 
make[1]: Leaving directory '/home/li/Desktop/LZH/CNN_NET/build/CMakeFiles/CMakeTmp'


    Feature record: CXX_FEATURE:0cxx_aggregate_default_initializers
    Feature record: CXX_FEATURE:1cxx_alias_templates
    Feature record: CXX_FEATURE:1cxx_alignas
    Feature record: CXX_FEATURE:1cxx_alignof
    Feature record: CXX_FEATURE:1cxx_attributes
    Feature record: CXX_FEATURE:0cxx_attribute_deprecated
    Feature record: CXX_FEATURE:1cxx_auto_type
    Feature record: CXX_FEATURE:0cxx_binary_literals
    Feature record: CXX_FEATURE:1cxx_constexpr
    Feature record: CXX_FEATURE:0cxx_contextual_conversions
    Feature record: CXX_FEATURE:1cxx_decltype
    Feature record: CXX_FEATURE:0cxx_decltype_auto
    Feature record: CXX_FEATURE:1cxx_decltype_incomplete_return_types
    Feature record: CXX_FEATURE:1cxx_default_function_template_args
    Feature record: CXX_FEATURE:1cxx_defaulted_functions
    Feature record: CXX_FEATURE:1cxx_defaulted_move_initializers
    Feature record: CXX_FEATURE:1cxx_delegating_constructors
    Feature record: CXX_FEATURE:1cxx_deleted_functions
    Feature record: CXX_FEATURE:0cxx_digit_separators
    Feature record: CXX_FEATURE:1cxx_enum_forward_declarations
    Feature record: CXX_FEATURE:1cxx_explicit_conversions
    Feature record: CXX_FEATURE:1cxx_extended_friend_declarations
    Feature record: CXX_FEATURE:1cxx_extern_templates
    Feature record: CXX_FEATURE:1cxx_final
    Feature record: CXX_FEATURE:1cxx_func_identifier
    Feature record: CXX_FEATURE:1cxx_generalized_initializers
    Feature record: CXX_FEATURE:0cxx_generic_lambdas
    Feature record: CXX_FEATURE:1cxx_inheriting_constructors
    Feature record: CXX_FEATURE:1cxx_inline_namespaces
    Feature record: CXX_FEATURE:1cxx_lambdas
    Feature record: CXX_FEATURE:0cxx_lambda_init_captures
    Feature record: CXX_FEATURE:1cxx_local_type_template_args
    Feature record: CXX_FEATURE:1cxx_long_long_type
    Feature record: CXX_FEATURE:1cxx_noexcept
    Feature record: CXX_FEATURE:1cxx_nonstatic_member_init
    Feature record: CXX_FEATURE:1cxx_nullptr
    Feature record: CXX_FEATURE:1cxx_override
    Feature record: CXX_FEATURE:1cxx_range_for
    Feature record: CXX_FEATURE:1cxx_raw_string_literals
    Feature record: CXX_FEATURE:1cxx_reference_qualified_functions
    Feature record: CXX_FEATURE:0cxx_relaxed_constexpr
    Feature record: CXX_FEATURE:0cxx_return_type_deduction
    Feature record: CXX_FEATURE:1cxx_right_angle_brackets
    Feature record: CXX_FEATURE:1cxx_rvalue_references
    Feature record: CXX_FEATURE:1cxx_sizeof_member
    Feature record: CXX_FEATURE:1cxx_static_assert
    Feature record: CXX_FEATURE:1cxx_strong_enums
    Feature record: CXX_FEATURE:1cxx_template_template_parameters
    Feature record: CXX_FEATURE:1cxx_thread_local
    Feature record: CXX_FEATURE:1cxx_trailing_return_types
    Feature record: CXX_FEATURE:1cxx_unicode_literals
    Feature record: CXX_FEATURE:1cxx_uniform_initialization
    Feature record: CXX_FEATURE:1cxx_unrestricted_unions
    Feature record: CXX_FEATURE:1cxx_user_literals
    Feature record: CXX_FEATURE:0cxx_variable_templates
    Feature record: CXX_FEATURE:1cxx_variadic_macros
    Feature record: CXX_FEATURE:1cxx_variadic_templates


Detecting CXX [-std=c++98] compiler features compiled with the following output:
Change Dir: /home/li/Desktop/LZH/CNN_NET/build/CMakeFiles/CMakeTmp

Run Build Command:"/usr/bin/make" "cmTC_9c4a9/fast"
/usr/bin/make -f CMakeFiles/cmTC_9c4a9.dir/build.make CMakeFiles/cmTC_9c4a9.dir/build
make[1]: Entering directory '/home/li/Desktop/LZH/CNN_NET/build/CMakeFiles/CMakeTmp'
Building CXX object CMakeFiles/cmTC_9c4a9.dir/feature_tests.cxx.o
/usr/bin/c++     -std=c++98 -o CMakeFiles/cmTC_9c4a9.dir/feature_tests.cxx.o -c /home/li/Desktop/LZH/CNN_NET/build/CMakeFiles/feature_tests.cxx
Linking CXX executable cmTC_9c4a9
/usr/bin/cmake -E cmake_link_script CMakeFiles/cmTC_9c4a9.dir/link.txt --verbose=1
/usr/bin/c++       -Wl,-O2 -Wl,--sort-common -Wl,--as-needed -Wl,-z,relro -Wl,-z,now -Wl,--disable-new-dtags -Wl,--gc-sections -Wl,-rpath,/home/li/anaconda3/envs/py3.6/lib -Wl,-rpath-link,/home/li/anaconda3/envs/py3.6/lib -L/home/li/anaconda3/envs/py3.6/lib  CMakeFiles/cmTC_9c4a9.dir/feature_tests.cxx.o  -o cmTC_9c4a9 -rdynamic 
make[1]: Leaving directory '/home/li/Desktop/LZH/CNN_NET/build/CMakeFiles/CMakeTmp'


    Feature record: CXX_FEATURE:0cxx_aggregate_default_initializers
    Feature record: CXX_FEATURE:0cxx_alias_templates
    Feature record: CXX_FEATURE:0cxx_alignas
    Feature record: CXX_FEATURE:0cxx_alignof
    Feature record: CXX_FEATURE:0cxx_attributes
    Feature record: CXX_FEATURE:0cxx_attribute_deprecated
    Feature record: CXX_FEATURE:0cxx_auto_type
    Feature record: CXX_FEATURE:0cxx_binary_literals
    Feature record: CXX_FEATURE:0cxx_constexpr
    Feature record: CXX_FEATURE:0cxx_contextual_conversions
    Feature record: CXX_FEATURE:0cxx_decltype
    Feature record: CXX_FEATURE:0cxx_decltype_auto
    Feature record: CXX_FEATURE:0cxx_decltype_incomplete_return_types
    Feature record: CXX_FEATURE:0cxx_default_function_template_args
    Feature record: CXX_FEATURE:0cxx_defaulted_functions
    Feature record: CXX_FEATURE:0cxx_defaulted_move_initializers
    Feature record: CXX_FEATURE:0cxx_delegating_constructors
    Feature record: CXX_FEATURE:0cxx_deleted_functions
    Feature record: CXX_FEATURE:0cxx_digit_separators
    Feature record: CXX_FEATURE:0cxx_enum_forward_declarations
    Feature record: CXX_FEATURE:0cxx_explicit_conversions
    Feature record: CXX_FEATURE:0cxx_extended_friend_declarations
    Feature record: CXX_FEATURE:0cxx_extern_templates
    Feature record: CXX_FEATURE:0cxx_final
    Feature record: CXX_FEATURE:0cxx_func_identifier
    Feature record: CXX_FEATURE:0cxx_generalized_initializers
    Feature record: CXX_FEATURE:0cxx_generic_lambdas
    Feature record: CXX_FEATURE:0cxx_inheriting_constructors
    Feature record: CXX_FEATURE:0cxx_inline_namespaces
    Feature record: CXX_FEATURE:0cxx_lambdas
    Feature record: CXX_FEATURE:0cxx_lambda_init_captures
    Feature record: CXX_FEATURE:0cxx_local_type_template_args
    Feature record: CXX_FEATURE:0cxx_long_long_type
    Feature record: CXX_FEATURE:0cxx_noexcept
    Feature record: CXX_FEATURE:0cxx_nonstatic_member_init
    Feature record: CXX_FEATURE:0cxx_nullptr
    Feature record: CXX_FEATURE:0cxx_override
    Feature record: CXX_FEATURE:0cxx_range_for
    Feature record: CXX_FEATURE:0cxx_raw_string_literals
    Feature record: CXX_FEATURE:0cxx_reference_qualified_functions
    Feature record: CXX_FEATURE:0cxx_relaxed_constexpr
    Feature record: CXX_FEATURE:0cxx_return_type_deduction
    Feature record: CXX_FEATURE:0cxx_right_angle_brackets
    Feature record: CXX_FEATURE:0cxx_rvalue_references
    Feature record: CXX_FEATURE:0cxx_sizeof_member
    Feature record: CXX_FEATURE:0cxx_static_assert
    Feature record: CXX_FEATURE:0cxx_strong_enums
    Feature record: CXX_FEATURE:1cxx_template_template_parameters
    Feature record: CXX_FEATURE:0cxx_thread_local
    Feature record: CXX_FEATURE:0cxx_trailing_return_types
    Feature record: CXX_FEATURE:0cxx_unicode_literals
    Feature record: CXX_FEATURE:0cxx_uniform_initialization
    Feature record: CXX_FEATURE:0cxx_unrestricted_unions
    Feature record: CXX_FEATURE:0cxx_user_literals
    Feature record: CXX_FEATURE:0cxx_variable_templates
    Feature record: CXX_FEATURE:0cxx_variadic_macros
    Feature record: CXX_FEATURE:0cxx_variadic_templates
Determining if the include file pthread.h exists passed with the following output:
Change Dir: /home/li/Desktop/LZH/CNN_NET/build/CMakeFiles/CMakeTmp

Run Build Command:"/usr/bin/make" "cmTC_c3779/fast"
/usr/bin/make -f CMakeFiles/cmTC_c3779.dir/build.make CMakeFiles/cmTC_c3779.dir/build
make[1]: Entering directory '/home/li/Desktop/LZH/CNN_NET/build/CMakeFiles/CMakeTmp'
Building C object CMakeFiles/cmTC_c3779.dir/CheckIncludeFile.c.o
/home/li/anaconda3/envs/py3.6/bin/x86_64-conda_cos6-linux-gnu-cc    -march=nocona -mtune=haswell -ftree-vectorize -fPIC -fstack-protector-strong -fno-plt -O2 -ffunction-sections -pipe -isystem /home/li/anaconda3/envs/py3.6/include     -o CMakeFiles/cmTC_c3779.dir/CheckIncludeFile.c.o   -c /home/li/Desktop/LZH/CNN_NET/build/CMakeFiles/CMakeTmp/CheckIncludeFile.c
Linking C executable cmTC_c3779
/usr/bin/cmake -E cmake_link_script CMakeFiles/cmTC_c3779.dir/link.txt --verbose=1
/home/li/anaconda3/envs/py3.6/bin/x86_64-conda_cos6-linux-gnu-cc  -march=nocona -mtune=haswell -ftree-vectorize -fPIC -fstack-protector-strong -fno-plt -O2 -ffunction-sections -pipe -isystem /home/li/anaconda3/envs/py3.6/include     -Wl,-O2 -Wl,--sort-common -Wl,--as-needed -Wl,-z,relro -Wl,-z,now -Wl,--disable-new-dtags -Wl,--gc-sections -Wl,-rpath,/home/li/anaconda3/envs/py3.6/lib -Wl,-rpath-link,/home/li/anaconda3/envs/py3.6/lib -L/home/li/anaconda3/envs/py3.6/lib  CMakeFiles/cmTC_c3779.dir/CheckIncludeFile.c.o  -o cmTC_c3779 -rdynamic 
make[1]: Leaving directory '/home/li/Desktop/LZH/CNN_NET/build/CMakeFiles/CMakeTmp'


Determining if the function pthread_create exists in the pthread passed with the following output:
Change Dir: /home/li/Desktop/LZH/CNN_NET/build/CMakeFiles/CMakeTmp

Run Build Command:"/usr/bin/make" "cmTC_1ddbb/fast"
/usr/bin/make -f CMakeFiles/cmTC_1ddbb.dir/build.make CMakeFiles/cmTC_1ddbb.dir/build
make[1]: Entering directory '/home/li/Desktop/LZH/CNN_NET/build/CMakeFiles/CMakeTmp'
Building C object CMakeFiles/cmTC_1ddbb.dir/CheckFunctionExists.c.o
/home/li/anaconda3/envs/py3.6/bin/x86_64-conda_cos6-linux-gnu-cc    -march=nocona -mtune=haswell -ftree-vectorize -fPIC -fstack-protector-strong -fno-plt -O2 -ffunction-sections -pipe -isystem /home/li/anaconda3/envs/py3.6/include  -DCHECK_FUNCTION_EXISTS=pthread_create   -o CMakeFiles/cmTC_1ddbb.dir/CheckFunctionExists.c.o   -c /usr/share/cmake-3.5/Modules/CheckFunctionExists.c
Linking C executable cmTC_1ddbb
/usr/bin/cmake -E cmake_link_script CMakeFiles/cmTC_1ddbb.dir/link.txt --verbose=1
/home/li/anaconda3/envs/py3.6/bin/x86_64-conda_cos6-linux-gnu-cc  -march=nocona -mtune=haswell -ftree-vectorize -fPIC -fstack-protector-strong -fno-plt -O2 -ffunction-sections -pipe -isystem /home/li/anaconda3/envs/py3.6/include  -DCHECK_FUNCTION_EXISTS=pthread_create   -Wl,-O2 -Wl,--sort-common -Wl,--as-needed -Wl,-z,relro -Wl,-z,now -Wl,--disable-new-dtags -Wl,--gc-sections -Wl,-rpath,/home/li/anaconda3/envs/py3.6/lib -Wl,-rpath-link,/home/li/anaconda3/envs/py3.6/lib -L/home/li/anaconda3/envs/py3.6/lib  CMakeFiles/cmTC_1ddbb.dir/CheckFunctionExists.c.o  -o cmTC_1ddbb -rdynamic -lpthread 
make[1]: Leaving directory '/home/li/Desktop/LZH/CNN_NET/build/CMakeFiles/CMakeTmp'


