Determining if the pthread_create exist failed with the following output:
Change Dir: /home/li/Desktop/LZH/CNN_NET/build/CMakeFiles/CMakeTmp

Run Build Command:"/usr/bin/make" "cmTC_3001a/fast"
/usr/bin/make -f CMakeFiles/cmTC_3001a.dir/build.make CMakeFiles/cmTC_3001a.dir/build
make[1]: Entering directory '/home/li/Desktop/LZH/CNN_NET/build/CMakeFiles/CMakeTmp'
Building C object CMakeFiles/cmTC_3001a.dir/CheckSymbolExists.c.o
/home/li/anaconda3/envs/py3.6/bin/x86_64-conda_cos6-linux-gnu-cc    -march=nocona -mtune=haswell -ftree-vectorize -fPIC -fstack-protector-strong -fno-plt -O2 -ffunction-sections -pipe -isystem /home/li/anaconda3/envs/py3.6/include     -o CMakeFiles/cmTC_3001a.dir/CheckSymbolExists.c.o   -c /home/li/Desktop/LZH/CNN_NET/build/CMakeFiles/CMakeTmp/CheckSymbolExists.c
Linking C executable cmTC_3001a
/usr/bin/cmake -E cmake_link_script CMakeFiles/cmTC_3001a.dir/link.txt --verbose=1
/home/li/anaconda3/envs/py3.6/bin/x86_64-conda_cos6-linux-gnu-cc  -march=nocona -mtune=haswell -ftree-vectorize -fPIC -fstack-protector-strong -fno-plt -O2 -ffunction-sections -pipe -isystem /home/li/anaconda3/envs/py3.6/include     -Wl,-O2 -Wl,--sort-common -Wl,--as-needed -Wl,-z,relro -Wl,-z,now -Wl,--disable-new-dtags -Wl,--gc-sections -Wl,-rpath,/home/li/anaconda3/envs/py3.6/lib -Wl,-rpath-link,/home/li/anaconda3/envs/py3.6/lib -L/home/li/anaconda3/envs/py3.6/lib  CMakeFiles/cmTC_3001a.dir/CheckSymbolExists.c.o  -o cmTC_3001a -rdynamic 
/home/li/anaconda3/envs/py3.6/bin/../lib/gcc/x86_64-conda_cos6-linux-gnu/7.3.0/../../../../x86_64-conda_cos6-linux-gnu/bin/ld: CMakeFiles/cmTC_3001a.dir/CheckSymbolExists.c.o: in function `main':
CheckSymbolExists.c:(.text.startup.main+0x3): undefined reference to `pthread_create'
collect2: error: ld returned 1 exit status
CMakeFiles/cmTC_3001a.dir/build.make:97: recipe for target 'cmTC_3001a' failed
make[1]: *** [cmTC_3001a] Error 1
make[1]: Leaving directory '/home/li/Desktop/LZH/CNN_NET/build/CMakeFiles/CMakeTmp'
Makefile:126: recipe for target 'cmTC_3001a/fast' failed
make: *** [cmTC_3001a/fast] Error 2

File /home/li/Desktop/LZH/CNN_NET/build/CMakeFiles/CMakeTmp/CheckSymbolExists.c:
/* */
#include <pthread.h>

int main(int argc, char** argv)
{
  (void)argv;
#ifndef pthread_create
  return ((int*)(&pthread_create))[argc];
#else
  (void)argc;
  return 0;
#endif
}

Determining if the function pthread_create exists in the pthreads failed with the following output:
Change Dir: /home/li/Desktop/LZH/CNN_NET/build/CMakeFiles/CMakeTmp

Run Build Command:"/usr/bin/make" "cmTC_7382c/fast"
/usr/bin/make -f CMakeFiles/cmTC_7382c.dir/build.make CMakeFiles/cmTC_7382c.dir/build
make[1]: Entering directory '/home/li/Desktop/LZH/CNN_NET/build/CMakeFiles/CMakeTmp'
Building C object CMakeFiles/cmTC_7382c.dir/CheckFunctionExists.c.o
/home/li/anaconda3/envs/py3.6/bin/x86_64-conda_cos6-linux-gnu-cc    -march=nocona -mtune=haswell -ftree-vectorize -fPIC -fstack-protector-strong -fno-plt -O2 -ffunction-sections -pipe -isystem /home/li/anaconda3/envs/py3.6/include  -DCHECK_FUNCTION_EXISTS=pthread_create   -o CMakeFiles/cmTC_7382c.dir/CheckFunctionExists.c.o   -c /usr/share/cmake-3.5/Modules/CheckFunctionExists.c
Linking C executable cmTC_7382c
/usr/bin/cmake -E cmake_link_script CMakeFiles/cmTC_7382c.dir/link.txt --verbose=1
/home/li/anaconda3/envs/py3.6/bin/x86_64-conda_cos6-linux-gnu-cc  -march=nocona -mtune=haswell -ftree-vectorize -fPIC -fstack-protector-strong -fno-plt -O2 -ffunction-sections -pipe -isystem /home/li/anaconda3/envs/py3.6/include  -DCHECK_FUNCTION_EXISTS=pthread_create   -Wl,-O2 -Wl,--sort-common -Wl,--as-needed -Wl,-z,relro -Wl,-z,now -Wl,--disable-new-dtags -Wl,--gc-sections -Wl,-rpath,/home/li/anaconda3/envs/py3.6/lib -Wl,-rpath-link,/home/li/anaconda3/envs/py3.6/lib -L/home/li/anaconda3/envs/py3.6/lib  CMakeFiles/cmTC_7382c.dir/CheckFunctionExists.c.o  -o cmTC_7382c -rdynamic -lpthreads 
/home/li/anaconda3/envs/py3.6/bin/../lib/gcc/x86_64-conda_cos6-linux-gnu/7.3.0/../../../../x86_64-conda_cos6-linux-gnu/bin/ld: cannot find -lpthreads
collect2: error: ld returned 1 exit status
CMakeFiles/cmTC_7382c.dir/build.make:97: recipe for target 'cmTC_7382c' failed
make[1]: *** [cmTC_7382c] Error 1
make[1]: Leaving directory '/home/li/Desktop/LZH/CNN_NET/build/CMakeFiles/CMakeTmp'
Makefile:126: recipe for target 'cmTC_7382c/fast' failed
make: *** [cmTC_7382c/fast] Error 2


